--------------------------------------------------------------------------------
Release 14.7 Trace  (lin64)
Copyright (c) 1995-2013 Xilinx, Inc.  All rights reserved.

/opt/Xilinx/14.7/ISE_DS/ISE/bin/lin64/unwrapped/trce -intstyle ise -v 3 -s 3 -n
3 -fastpaths -xml main.twx main.ncd -o main.twr main.pcf -ucf main.ucf

Design file:              main.ncd
Physical constraint file: main.pcf
Device,package,speed:     xc6slx9,tqg144,C,-3 (PRODUCTION 1.23 2013-10-13)
Report level:             verbose report

Environment Variable      Effect 
--------------------      ------ 
NONE                      No environment variables were set
--------------------------------------------------------------------------------

INFO:Timing:2698 - No timing constraints found, doing default enumeration.
INFO:Timing:3412 - To improve timing, see the Timing Closure User Guide (UG612).
INFO:Timing:2752 - To get complete path coverage, use the unconstrained paths 
   option. All paths that are not constrained will be reported in the 
   unconstrained paths section(s) of the report.
INFO:Timing:3339 - The clock-to-out numbers in this timing report are based on 
   a 50 Ohm transmission line loading model.  For the details of this model, 
   and for more information on accounting for different loading conditions, 
   please see the device datasheet.



Data Sheet report:
-----------------
All values displayed in nanoseconds (ns)

Pad to Pad
---------------+---------------+---------+
Source Pad     |Destination Pad|  Delay  |
---------------+---------------+---------+
BCD<0>         |SSEG_OUT<0>    |    8.411|
BCD<0>         |SSEG_OUT<1>    |    8.543|
BCD<0>         |SSEG_OUT<2>    |    7.938|
BCD<0>         |SSEG_OUT<3>    |    7.545|
BCD<0>         |SSEG_OUT<4>    |    7.468|
BCD<0>         |SSEG_OUT<5>    |    7.759|
BCD<0>         |SSEG_OUT<6>    |    7.363|
BCD<1>         |SSEG_OUT<0>    |    9.111|
BCD<1>         |SSEG_OUT<1>    |    8.740|
BCD<1>         |SSEG_OUT<2>    |    8.151|
BCD<1>         |SSEG_OUT<3>    |    8.353|
BCD<1>         |SSEG_OUT<4>    |    8.157|
BCD<1>         |SSEG_OUT<5>    |    8.380|
BCD<1>         |SSEG_OUT<6>    |    7.640|
BCD<2>         |SSEG_OUT<0>    |    8.406|
BCD<2>         |SSEG_OUT<1>    |    8.392|
BCD<2>         |SSEG_OUT<2>    |    7.808|
BCD<2>         |SSEG_OUT<3>    |    7.690|
BCD<2>         |SSEG_OUT<4>    |    7.537|
BCD<2>         |SSEG_OUT<5>    |    7.772|
BCD<2>         |SSEG_OUT<6>    |    7.554|
BCD<3>         |SSEG_OUT<0>    |    8.101|
BCD<3>         |SSEG_OUT<1>    |    7.985|
BCD<3>         |SSEG_OUT<2>    |    7.741|
BCD<3>         |SSEG_OUT<3>    |    7.427|
BCD<3>         |SSEG_OUT<4>    |    7.059|
BCD<3>         |SSEG_OUT<5>    |    7.263|
BCD<3>         |SSEG_OUT<6>    |    7.130|
---------------+---------------+---------+


Analysis completed Tue Jul 30 15:51:16 2024 
--------------------------------------------------------------------------------

Trace Settings:
-------------------------
Trace Settings 

Peak Memory Usage: 369 MB



