Release 14.7 - xst P.20131013 (lin64)
Copyright (c) 1995-2013 Xilinx, Inc.  All rights reserved.
--> 
Parameter TMPDIR set to xst/projnav.tmp


Total REAL time to Xst completion: 0.00 secs
Total CPU time to Xst completion: 0.02 secs
 
--> 
Parameter xsthdpdir set to xst


Total REAL time to Xst completion: 0.00 secs
Total CPU time to Xst completion: 0.02 secs
 
--> 
Reading design: main.prj

TABLE OF CONTENTS
  1) Synthesis Options Summary
  2) HDL Parsing
  3) HDL Elaboration
  4) HDL Synthesis
       4.1) HDL Synthesis Report
  5) Advanced HDL Synthesis
       5.1) Advanced HDL Synthesis Report
  6) Low Level Synthesis
  7) Partition Report
  8) Design Summary
       8.1) Primitive and Black Box Usage
       8.2) Device utilization summary
       8.3) Partition Resource Summary
       8.4) Timing Report
            8.4.1) Clock Information
            8.4.2) Asynchronous Control Signals Information
            8.4.3) Timing Summary
            8.4.4) Timing Details
            8.4.5) Cross Clock Domains Report


=========================================================================
*                      Synthesis Options Summary                        *
=========================================================================
---- Source Parameters
Input File Name                    : "main.prj"
Ignore Synthesis Constraint File   : NO

---- Target Parameters
Output File Name                   : "main"
Output Format                      : NGC
Target Device                      : xc6slx9-3-tqg144

---- Source Options
Top Module Name                    : main
Automatic FSM Extraction           : YES
FSM Encoding Algorithm             : Auto
Safe Implementation                : No
FSM Style                          : LUT
RAM Extraction                     : Yes
RAM Style                          : Auto
ROM Extraction                     : Yes
Shift Register Extraction          : YES
ROM Style                          : Auto
Resource Sharing                   : YES
Asynchronous To Synchronous        : NO
Shift Register Minimum Size        : 2
Use DSP Block                      : Auto
Automatic Register Balancing       : No

---- Target Options
LUT Combining                      : Auto
Reduce Control Sets                : Auto
Add IO Buffers                     : YES
Global Maximum Fanout              : 100000
Add Generic Clock Buffer(BUFG)     : 16
Register Duplication               : YES
Optimize Instantiated Primitives   : NO
Use Clock Enable                   : Auto
Use Synchronous Set                : Auto
Use Synchronous Reset              : Auto
Pack IO Registers into IOBs        : Auto
Equivalent register Removal        : YES

---- General Options
Optimization Goal                  : Speed
Optimization Effort                : 1
Power Reduction                    : NO
Keep Hierarchy                     : No
Netlist Hierarchy                  : As_Optimized
RTL Output                         : Yes
Global Optimization                : AllClockNets
Read Cores                         : YES
Write Timing Constraints           : NO
Cross Clock Analysis               : NO
Hierarchy Separator                : /
Bus Delimiter                      : <>
Case Specifier                     : Maintain
Slice Utilization Ratio            : 100
BRAM Utilization Ratio             : 100
DSP48 Utilization Ratio            : 100
Auto BRAM Packing                  : NO
Slice Utilization Ratio Delta      : 5

=========================================================================


=========================================================================
*                          HDL Parsing                                  *
=========================================================================
Analyzing Verilog file "/home/phuwit/Programming/KMITL-DigitalSystemsFundamentals/Lab9/SSEG_G.vf" into library work
Parsing module <SSEG_G>.
Analyzing Verilog file "/home/phuwit/Programming/KMITL-DigitalSystemsFundamentals/Lab9/SSEG_F.vf" into library work
Parsing module <SSEG_F>.
Analyzing Verilog file "/home/phuwit/Programming/KMITL-DigitalSystemsFundamentals/Lab9/SSEG_E.vf" into library work
Parsing module <SSEG_E>.
Analyzing Verilog file "/home/phuwit/Programming/KMITL-DigitalSystemsFundamentals/Lab9/SSEG_D.vf" into library work
Parsing module <SSEG_D>.
Analyzing Verilog file "/home/phuwit/Programming/KMITL-DigitalSystemsFundamentals/Lab9/SSEG_C.vf" into library work
Parsing module <SSEG_C>.
Analyzing Verilog file "/home/phuwit/Programming/KMITL-DigitalSystemsFundamentals/Lab9/SSEG_B.vf" into library work
Parsing module <SSEG_B>.
Analyzing Verilog file "/home/phuwit/Programming/KMITL-DigitalSystemsFundamentals/Lab9/SSEG_A.vf" into library work
Parsing module <OR6_HXILINX_SSEG_A>.
Parsing module <SSEG_A>.
Analyzing Verilog file "/home/phuwit/Programming/KMITL-DigitalSystemsFundamentals/Lab9/wtb16.vf" into library work
Parsing module <wtb16>.
Analyzing Verilog file "/home/phuwit/Programming/KMITL-DigitalSystemsFundamentals/Lab9/wtb8.vf" into library work
Parsing module <wtb8>.
Analyzing Verilog file "/home/phuwit/Programming/KMITL-DigitalSystemsFundamentals/Lab9/btw8.vf" into library work
Parsing module <btw8>.
Analyzing Verilog file "/home/phuwit/Programming/KMITL-DigitalSystemsFundamentals/Lab9/SSEG_DEC.vf" into library work
Parsing module <OR6_HXILINX_SSEG_DEC>.
Parsing module <SSEG_G_MUSER_SSEG_DEC>.
Parsing module <SSEG_F_MUSER_SSEG_DEC>.
Parsing module <SSEG_E_MUSER_SSEG_DEC>.
Parsing module <SSEG_D_MUSER_SSEG_DEC>.
Parsing module <SSEG_C_MUSER_SSEG_DEC>.
Parsing module <SSEG_B_MUSER_SSEG_DEC>.
Parsing module <SSEG_A_MUSER_SSEG_DEC>.
Parsing module <SSEG_DEC>.
Analyzing Verilog file "/home/phuwit/Programming/KMITL-DigitalSystemsFundamentals/Lab9/Mux4_Bus4_1E.vf" into library work
Parsing module <M4_1E_HXILINX_Mux4_Bus4_1E>.
Parsing module <Mux4_Bus4_1E>.
Analyzing Verilog file "/home/phuwit/Programming/KMITL-DigitalSystemsFundamentals/Lab9/xor8_sep.vf" into library work
Parsing module <xor8_sep>.
Analyzing Verilog file "/home/phuwit/Programming/KMITL-DigitalSystemsFundamentals/Lab9/sub8.vf" into library work
Parsing module <INV16_HXILINX_sub8>.
Parsing module <ADD16_HXILINX_sub8>.
Parsing module <ADD8_HXILINX_sub8>.
Parsing module <INV8_HXILINX_sub8>.
Parsing module <wtb16_MUSER_sub8>.
Parsing module <sub8>.
Analyzing Verilog file "/home/phuwit/Programming/KMITL-DigitalSystemsFundamentals/Lab9/shl8.vf" into library work
Parsing module <shl8>.
Analyzing Verilog file "/home/phuwit/Programming/KMITL-DigitalSystemsFundamentals/Lab9/processor.vf" into library work
Parsing module <INV16_HXILINX_processor>.
Parsing module <ADD16_HXILINX_processor>.
Parsing module <ADD8_HXILINX_processor>.
Parsing module <INV8_HXILINX_processor>.
Parsing module <CB2CE_HXILINX_processor>.
Parsing module <xor8_sep_MUSER_processor>.
Parsing module <wtb16_MUSER_processor>.
Parsing module <sub8_MUSER_processor>.
Parsing module <shl8_MUSER_processor>.
Parsing module <processor>.
Analyzing Verilog file "/home/phuwit/Programming/KMITL-DigitalSystemsFundamentals/Lab9/displayer.vf" into library work
Parsing module <FJKC_HXILINX_displayer>.
Parsing module <displayer>.
Analyzing Verilog file "/home/phuwit/Programming/KMITL-DigitalSystemsFundamentals/Lab9/ClockDiv1K.vf" into library work
Parsing module <FJKC_HXILINX_ClockDiv1K>.
Parsing module <ClockDiv1K>.
Analyzing Verilog file "/home/phuwit/Programming/KMITL-DigitalSystemsFundamentals/Lab9/main.vf" into library work
Parsing module <INV16_HXILINX_main>.
Parsing module <ADD16_HXILINX_main>.
Parsing module <ADD8_HXILINX_main>.
Parsing module <INV8_HXILINX_main>.
Parsing module <FJKC_HXILINX_main>.
Parsing module <D2_4E_HXILINX_main>.
Parsing module <CB2CE_HXILINX_main>.
Parsing module <ClockDiv1K_MUSER_main>.
Parsing module <xor8_sep_MUSER_main>.
Parsing module <wtb16_MUSER_main>.
Parsing module <sub8_MUSER_main>.
Parsing module <shl8_MUSER_main>.
Parsing module <processor_MUSER_main>.
Parsing module <displayer_MUSER_main>.
Parsing module <main>.

=========================================================================
*                            HDL Elaboration                            *
=========================================================================

Elaborating module <main>.

Elaborating module <displayer_MUSER_main>.

Elaborating module <SSEG_DEC>.

Elaborating module <SSEG_A_MUSER_SSEG_DEC>.

Elaborating module <AND2B2>.

Elaborating module <AND2>.

Elaborating module <OR6_HXILINX_SSEG_DEC>.

Elaborating module <AND3B2>.

Elaborating module <AND2B1>.

Elaborating module <AND3B1>.

Elaborating module <SSEG_B_MUSER_SSEG_DEC>.

Elaborating module <OR5>.

Elaborating module <AND3B3>.

Elaborating module <SSEG_C_MUSER_SSEG_DEC>.

Elaborating module <SSEG_D_MUSER_SSEG_DEC>.

Elaborating module <SSEG_E_MUSER_SSEG_DEC>.

Elaborating module <OR4>.

Elaborating module <SSEG_F_MUSER_SSEG_DEC>.

Elaborating module <SSEG_G_MUSER_SSEG_DEC>.

Elaborating module <AND3>.

Elaborating module <INV>.

Elaborating module <Mux4_Bus4_1E>.

Elaborating module <M4_1E_HXILINX_Mux4_Bus4_1E>.

Elaborating module <GND>.

Elaborating module <FJKC_HXILINX_main>.

Elaborating module <VCC>.

Elaborating module <BUF>.

Elaborating module <processor_MUSER_main>.

Elaborating module <CB2CE_HXILINX_main>.
WARNING:HDLCompiler:413 - "/home/phuwit/Programming/KMITL-DigitalSystemsFundamentals/Lab9/main.vf" Line 173: Result of 3-bit expression is truncated to fit in 2-bit target.

Elaborating module <ADD8_HXILINX_main>.

Elaborating module <shl8_MUSER_main>.

Elaborating module <btw8>.

Elaborating module <wtb8>.

Elaborating module <sub8_MUSER_main>.

Elaborating module <ADD16_HXILINX_main>.

Elaborating module <INV8_HXILINX_main>.

Elaborating module <wtb16_MUSER_main>.

Elaborating module <INV16_HXILINX_main>.
WARNING:HDLCompiler:552 - "/home/phuwit/Programming/KMITL-DigitalSystemsFundamentals/Lab9/main.vf" Line 555: Input port CI is not connected on this instance

Elaborating module <xor8_sep_MUSER_main>.

Elaborating module <XOR2>.
WARNING:HDLCompiler:552 - "/home/phuwit/Programming/KMITL-DigitalSystemsFundamentals/Lab9/main.vf" Line 787: Input port CI is not connected on this instance

Elaborating module <ClockDiv1K_MUSER_main>.

Elaborating module <FD_1(INIT=1'b0)>.

Elaborating module <OR2>.

Elaborating module <D2_4E_HXILINX_main>.

=========================================================================
*                           HDL Synthesis                               *
=========================================================================

Synthesizing Unit <main>.
    Related source file is "/home/phuwit/Programming/KMITL-DigitalSystemsFundamentals/Lab9/main.vf".
    Set property "HU_SET = XLXI_4_55" for instance <XLXI_4>.
    Summary:
	no macro.
Unit <main> synthesized.

Synthesizing Unit <displayer_MUSER_main>.
    Related source file is "/home/phuwit/Programming/KMITL-DigitalSystemsFundamentals/Lab9/main.vf".
    Set property "HU_SET = XLXI_4_54" for instance <XLXI_4>.
    Summary:
	no macro.
Unit <displayer_MUSER_main> synthesized.

Synthesizing Unit <SSEG_DEC>.
    Related source file is "/home/phuwit/Programming/KMITL-DigitalSystemsFundamentals/Lab9/SSEG_DEC.vf".
    Summary:
	no macro.
Unit <SSEG_DEC> synthesized.

Synthesizing Unit <SSEG_A_MUSER_SSEG_DEC>.
    Related source file is "/home/phuwit/Programming/KMITL-DigitalSystemsFundamentals/Lab9/SSEG_DEC.vf".
    Set property "HU_SET = XLXI_3_47" for instance <XLXI_3>.
    Summary:
	no macro.
Unit <SSEG_A_MUSER_SSEG_DEC> synthesized.

Synthesizing Unit <OR6_HXILINX_SSEG_DEC>.
    Related source file is "/home/phuwit/Programming/KMITL-DigitalSystemsFundamentals/Lab9/SSEG_DEC.vf".
    Summary:
	no macro.
Unit <OR6_HXILINX_SSEG_DEC> synthesized.

Synthesizing Unit <SSEG_B_MUSER_SSEG_DEC>.
    Related source file is "/home/phuwit/Programming/KMITL-DigitalSystemsFundamentals/Lab9/SSEG_DEC.vf".
    Summary:
	no macro.
Unit <SSEG_B_MUSER_SSEG_DEC> synthesized.

Synthesizing Unit <SSEG_C_MUSER_SSEG_DEC>.
    Related source file is "/home/phuwit/Programming/KMITL-DigitalSystemsFundamentals/Lab9/SSEG_DEC.vf".
    Summary:
	no macro.
Unit <SSEG_C_MUSER_SSEG_DEC> synthesized.

Synthesizing Unit <SSEG_D_MUSER_SSEG_DEC>.
    Related source file is "/home/phuwit/Programming/KMITL-DigitalSystemsFundamentals/Lab9/SSEG_DEC.vf".
    Summary:
	no macro.
Unit <SSEG_D_MUSER_SSEG_DEC> synthesized.

Synthesizing Unit <SSEG_E_MUSER_SSEG_DEC>.
    Related source file is "/home/phuwit/Programming/KMITL-DigitalSystemsFundamentals/Lab9/SSEG_DEC.vf".
    Summary:
	no macro.
Unit <SSEG_E_MUSER_SSEG_DEC> synthesized.

Synthesizing Unit <SSEG_F_MUSER_SSEG_DEC>.
    Related source file is "/home/phuwit/Programming/KMITL-DigitalSystemsFundamentals/Lab9/SSEG_DEC.vf".
    Summary:
	no macro.
Unit <SSEG_F_MUSER_SSEG_DEC> synthesized.

Synthesizing Unit <SSEG_G_MUSER_SSEG_DEC>.
    Related source file is "/home/phuwit/Programming/KMITL-DigitalSystemsFundamentals/Lab9/SSEG_DEC.vf".
    Summary:
	no macro.
Unit <SSEG_G_MUSER_SSEG_DEC> synthesized.

Synthesizing Unit <Mux4_Bus4_1E>.
    Related source file is "/home/phuwit/Programming/KMITL-DigitalSystemsFundamentals/Lab9/Mux4_Bus4_1E.vf".
    Set property "HU_SET = XLXI_13_36" for instance <XLXI_13>.
    Set property "HU_SET = XLXI_14_37" for instance <XLXI_14>.
    Set property "HU_SET = XLXI_15_38" for instance <XLXI_15>.
    Set property "HU_SET = XLXI_16_39" for instance <XLXI_16>.
    Summary:
	no macro.
Unit <Mux4_Bus4_1E> synthesized.

Synthesizing Unit <M4_1E_HXILINX_Mux4_Bus4_1E>.
    Related source file is "/home/phuwit/Programming/KMITL-DigitalSystemsFundamentals/Lab9/Mux4_Bus4_1E.vf".
    Found 1-bit 4-to-1 multiplexer for signal <S1_D3_Mux_0_o> created at line 44.
    Summary:
	inferred   2 Multiplexer(s).
Unit <M4_1E_HXILINX_Mux4_Bus4_1E> synthesized.

Synthesizing Unit <FJKC_HXILINX_main>.
    Related source file is "/home/phuwit/Programming/KMITL-DigitalSystemsFundamentals/Lab9/main.vf".
        INIT = 1'b0
    Found 1-bit register for signal <Q>.
    Summary:
	inferred   1 D-type flip-flop(s).
	inferred   2 Multiplexer(s).
Unit <FJKC_HXILINX_main> synthesized.

Synthesizing Unit <processor_MUSER_main>.
    Related source file is "/home/phuwit/Programming/KMITL-DigitalSystemsFundamentals/Lab9/main.vf".
    Set property "HU_SET = XLXI_1_52" for instance <XLXI_1>.
    Set property "HU_SET = XLXI_23_53" for instance <XLXI_23>.
WARNING:Xst:2898 - Port 'CI', unconnected in block instance 'XLXI_23', is tied to GND.
INFO:Xst:3210 - "/home/phuwit/Programming/KMITL-DigitalSystemsFundamentals/Lab9/main.vf" line 768: Output port <CEO> of the instance <XLXI_1> is unconnected or connected to loadless signal.
INFO:Xst:3210 - "/home/phuwit/Programming/KMITL-DigitalSystemsFundamentals/Lab9/main.vf" line 768: Output port <TC> of the instance <XLXI_1> is unconnected or connected to loadless signal.
INFO:Xst:3210 - "/home/phuwit/Programming/KMITL-DigitalSystemsFundamentals/Lab9/main.vf" line 787: Output port <CO> of the instance <XLXI_23> is unconnected or connected to loadless signal.
INFO:Xst:3210 - "/home/phuwit/Programming/KMITL-DigitalSystemsFundamentals/Lab9/main.vf" line 787: Output port <OFL> of the instance <XLXI_23> is unconnected or connected to loadless signal.
    Summary:
	no macro.
Unit <processor_MUSER_main> synthesized.

Synthesizing Unit <CB2CE_HXILINX_main>.
    Related source file is "/home/phuwit/Programming/KMITL-DigitalSystemsFundamentals/Lab9/main.vf".
    Found 1-bit register for signal <Q1>.
    Found 1-bit register for signal <Q0>.
    Found 2-bit adder for signal <Q1_GND_29_o_add_0_OUT> created at line 173.
    Summary:
	inferred   1 Adder/Subtractor(s).
	inferred   2 D-type flip-flop(s).
Unit <CB2CE_HXILINX_main> synthesized.

Synthesizing Unit <ADD8_HXILINX_main>.
    Related source file is "/home/phuwit/Programming/KMITL-DigitalSystemsFundamentals/Lab9/main.vf".
    Found 9-bit adder for signal <n0019> created at line 63.
    Found 9-bit adder for signal <n0010> created at line 63.
    Summary:
	inferred   2 Adder/Subtractor(s).
Unit <ADD8_HXILINX_main> synthesized.

Synthesizing Unit <shl8_MUSER_main>.
    Related source file is "/home/phuwit/Programming/KMITL-DigitalSystemsFundamentals/Lab9/main.vf".
INFO:Xst:3210 - "/home/phuwit/Programming/KMITL-DigitalSystemsFundamentals/Lab9/main.vf" line 720: Output port <O7> of the instance <XLXI_2> is unconnected or connected to loadless signal.
    Summary:
	no macro.
Unit <shl8_MUSER_main> synthesized.

Synthesizing Unit <btw8>.
    Related source file is "/home/phuwit/Programming/KMITL-DigitalSystemsFundamentals/Lab9/btw8.vf".
    Summary:
	no macro.
Unit <btw8> synthesized.

Synthesizing Unit <wtb8>.
    Related source file is "/home/phuwit/Programming/KMITL-DigitalSystemsFundamentals/Lab9/wtb8.vf".
    Summary:
	no macro.
Unit <wtb8> synthesized.

Synthesizing Unit <sub8_MUSER_main>.
    Related source file is "/home/phuwit/Programming/KMITL-DigitalSystemsFundamentals/Lab9/main.vf".
    Set property "HU_SET = XLXI_1_50" for instance <XLXI_1>.
    Set property "HU_SET = XLXI_22_49" for instance <XLXI_22>.
    Set property "HU_SET = XLXI_57_45" for instance <XLXI_57>.
    Set property "HU_SET = XLXI_58_46" for instance <XLXI_58>.
    Set property "HU_SET = XLXI_73_47" for instance <XLXI_73>.
    Set property "HU_SET = XLXI_74_48" for instance <XLXI_74>.
    Set property "HU_SET = XLXI_81_51" for instance <XLXI_81>.
WARNING:Xst:2898 - Port 'CI', unconnected in block instance 'XLXI_1', is tied to GND.
INFO:Xst:3210 - "/home/phuwit/Programming/KMITL-DigitalSystemsFundamentals/Lab9/main.vf" line 555: Output port <CO> of the instance <XLXI_1> is unconnected or connected to loadless signal.
INFO:Xst:3210 - "/home/phuwit/Programming/KMITL-DigitalSystemsFundamentals/Lab9/main.vf" line 555: Output port <OFL> of the instance <XLXI_1> is unconnected or connected to loadless signal.
INFO:Xst:3210 - "/home/phuwit/Programming/KMITL-DigitalSystemsFundamentals/Lab9/main.vf" line 633: Output port <CO> of the instance <XLXI_57> is unconnected or connected to loadless signal.
INFO:Xst:3210 - "/home/phuwit/Programming/KMITL-DigitalSystemsFundamentals/Lab9/main.vf" line 633: Output port <OFL> of the instance <XLXI_57> is unconnected or connected to loadless signal.
INFO:Xst:3210 - "/home/phuwit/Programming/KMITL-DigitalSystemsFundamentals/Lab9/main.vf" line 640: Output port <CO> of the instance <XLXI_58> is unconnected or connected to loadless signal.
INFO:Xst:3210 - "/home/phuwit/Programming/KMITL-DigitalSystemsFundamentals/Lab9/main.vf" line 640: Output port <OFL> of the instance <XLXI_58> is unconnected or connected to loadless signal.
INFO:Xst:3210 - "/home/phuwit/Programming/KMITL-DigitalSystemsFundamentals/Lab9/main.vf" line 687: Output port <CO> of the instance <XLXI_81> is unconnected or connected to loadless signal.
INFO:Xst:3210 - "/home/phuwit/Programming/KMITL-DigitalSystemsFundamentals/Lab9/main.vf" line 687: Output port <OFL> of the instance <XLXI_81> is unconnected or connected to loadless signal.
    Summary:
	no macro.
Unit <sub8_MUSER_main> synthesized.

Synthesizing Unit <ADD16_HXILINX_main>.
    Related source file is "/home/phuwit/Programming/KMITL-DigitalSystemsFundamentals/Lab9/main.vf".
    Found 17-bit adder for signal <n0019> created at line 46.
    Found 17-bit adder for signal <n0010> created at line 46.
    Summary:
	inferred   2 Adder/Subtractor(s).
Unit <ADD16_HXILINX_main> synthesized.

Synthesizing Unit <INV8_HXILINX_main>.
    Related source file is "/home/phuwit/Programming/KMITL-DigitalSystemsFundamentals/Lab9/main.vf".
    Summary:
	no macro.
Unit <INV8_HXILINX_main> synthesized.

Synthesizing Unit <wtb16_MUSER_main>.
    Related source file is "/home/phuwit/Programming/KMITL-DigitalSystemsFundamentals/Lab9/main.vf".
    Summary:
	no macro.
Unit <wtb16_MUSER_main> synthesized.

Synthesizing Unit <INV16_HXILINX_main>.
    Related source file is "/home/phuwit/Programming/KMITL-DigitalSystemsFundamentals/Lab9/main.vf".
    Summary:
	no macro.
Unit <INV16_HXILINX_main> synthesized.

Synthesizing Unit <xor8_sep_MUSER_main>.
    Related source file is "/home/phuwit/Programming/KMITL-DigitalSystemsFundamentals/Lab9/main.vf".
    Summary:
	no macro.
Unit <xor8_sep_MUSER_main> synthesized.

Synthesizing Unit <ClockDiv1K_MUSER_main>.
    Related source file is "/home/phuwit/Programming/KMITL-DigitalSystemsFundamentals/Lab9/main.vf".
    Set property "HU_SET = XLXI_1_36" for instance <XLXI_1>.
    Set property "HU_SET = XLXI_2_37" for instance <XLXI_2>.
    Set property "HU_SET = XLXI_3_38" for instance <XLXI_3>.
    Set property "HU_SET = XLXI_28_39" for instance <XLXI_28>.
    Set property "HU_SET = XLXI_29_40" for instance <XLXI_29>.
    Set property "HU_SET = XLXI_30_41" for instance <XLXI_30>.
    Set property "HU_SET = XLXI_40_42" for instance <XLXI_40>.
    Set property "HU_SET = XLXI_41_43" for instance <XLXI_41>.
    Set property "HU_SET = XLXI_42_44" for instance <XLXI_42>.
    Summary:
	no macro.
Unit <ClockDiv1K_MUSER_main> synthesized.

Synthesizing Unit <D2_4E_HXILINX_main>.
    Related source file is "/home/phuwit/Programming/KMITL-DigitalSystemsFundamentals/Lab9/main.vf".
    Summary:
	inferred   4 Multiplexer(s).
Unit <D2_4E_HXILINX_main> synthesized.

=========================================================================
HDL Synthesis Report

Macro Statistics
# Adders/Subtractors                                   : 11
 17-bit adder                                          : 6
 2-bit adder                                           : 1
 9-bit adder                                           : 4
# Registers                                            : 12
 1-bit register                                        : 12
# Multiplexers                                         : 48
 1-bit 2-to-1 multiplexer                              : 36
 1-bit 4-to-1 multiplexer                              : 12

=========================================================================

=========================================================================
*                       Advanced HDL Synthesis                          *
=========================================================================


=========================================================================
Advanced HDL Synthesis Report

Macro Statistics
# Adders/Subtractors                                   : 6
 17-bit adder carry in                                 : 3
 2-bit adder                                           : 1
 9-bit adder carry in                                  : 2
# Registers                                            : 18
 Flip-Flops                                            : 18
# Multiplexers                                         : 48
 1-bit 2-to-1 multiplexer                              : 36
 1-bit 4-to-1 multiplexer                              : 12

=========================================================================

=========================================================================
*                         Low Level Synthesis                           *
=========================================================================

Optimizing unit <main> ...

Optimizing unit <processor_MUSER_main> ...

Optimizing unit <wtb8> ...

Optimizing unit <wtb16_MUSER_main> ...

Optimizing unit <ClockDiv1K_MUSER_main> ...

Optimizing unit <displayer_MUSER_main> ...

Optimizing unit <ADD8_HXILINX_main> ...

Optimizing unit <INV16_HXILINX_main> ...

Optimizing unit <ADD16_HXILINX_main> ...

Optimizing unit <INV8_HXILINX_main> ...

Optimizing unit <CB2CE_HXILINX_main> ...

Optimizing unit <M4_1E_HXILINX_Mux4_Bus4_1E> ...

Optimizing unit <FJKC_HXILINX_main> ...

Optimizing unit <OR6_HXILINX_SSEG_DEC> ...

Optimizing unit <D2_4E_HXILINX_main> ...

Mapping all equations...
Building and optimizing final netlist ...
Found area constraint ratio of 100 (+ 5) on block main, actual ratio is 0.

Final Macro Processing ...

=========================================================================
Final Register Report

Macro Statistics
# Registers                                            : 18
 Flip-Flops                                            : 18

=========================================================================

=========================================================================
*                           Partition Report                            *
=========================================================================

Partition Implementation Status
-------------------------------

  No Partitions were found in this design.

-------------------------------

=========================================================================
*                            Design Summary                             *
=========================================================================

Top Level Output File Name         : main.ngc

Primitive and Black Box Usage:
------------------------------
# BELS                             : 326
#      AND2                        : 5
#      AND2B1                      : 16
#      AND2B2                      : 6
#      AND3                        : 1
#      AND3B1                      : 6
#      AND3B2                      : 2
#      AND3B3                      : 2
#      BUF                         : 89
#      GND                         : 1
#      INV                         : 35
#      LUT2                        : 54
#      LUT3                        : 7
#      LUT6                        : 9
#      MUXCY                       : 35
#      OR2                         : 3
#      OR4                         : 1
#      OR5                         : 5
#      VCC                         : 1
#      XOR2                        : 8
#      XORCY                       : 40
# FlipFlops/Latches                : 18
#      FD_1                        : 6
#      FDC                         : 7
#      FDCE                        : 5
# Clock Buffers                    : 2
#      BUFGP                       : 2
# IO Buffers                       : 31
#      IBUF                        : 16
#      OBUF                        : 15

Device utilization summary:
---------------------------

Selected Device : 6slx9tqg144-3 


Slice Logic Utilization: 
 Number of Slice Registers:              18  out of  11440     0%  
 Number of Slice LUTs:                  105  out of   5720     1%  
    Number used as Logic:               105  out of   5720     1%  

Slice Logic Distribution: 
 Number of LUT Flip Flop pairs used:    123
   Number with an unused Flip Flop:     105  out of    123    85%  
   Number with an unused LUT:            18  out of    123    14%  
   Number of fully used LUT-FF pairs:     0  out of    123     0%  
   Number of unique control sets:        17

IO Utilization: 
 Number of IOs:                          33
 Number of bonded IOBs:                  33  out of    102    32%  

Specific Feature Utilization:
 Number of BUFG/BUFGCTRLs:                2  out of     16    12%  

---------------------------
Partition Resource Summary:
---------------------------

  No Partitions were found in this design.

---------------------------


=========================================================================
Timing Report

NOTE: THESE TIMING NUMBERS ARE ONLY A SYNTHESIS ESTIMATE.
      FOR ACCURATE TIMING INFORMATION PLEASE REFER TO THE TRACE REPORT
      GENERATED AFTER PLACE-and-ROUTE.

Clock Information:
------------------
-----------------------------------+------------------------+-------+
Clock Signal                       | Clock buffer(FF name)  | Load  |
-----------------------------------+------------------------+-------+
BTN1                               | BUFGP                  | 2     |
XLXI_3/XLXN_154(XLXI_3/XLXI_49:O)  | NONE(*)(XLXI_3/XLXI_50)| 1     |
XLXI_3/XLXN_140                    | NONE(XLXI_3/XLXI_48)   | 4     |
XLXI_3/XLXN_137(XLXI_3/XLXI_37:O)  | NONE(*)(XLXI_3/XLXI_38)| 1     |
XLXI_3/CLKOWO                      | NONE(XLXI_3/XLXI_36)   | 4     |
XLXI_3/XLXN_123(XLXI_3/XLXI_25:O)  | NONE(*)(XLXI_3/XLXI_26)| 1     |
OSC                                | BUFGP                  | 4     |
XLXN_3                             | NONE(XLXI_1/XLXI_4/Q)  | 1     |
-----------------------------------+------------------------+-------+
(*) These 3 clock signal(s) are generated by combinatorial logic,
and XST is not able to identify which are the primary clock signals.
Please use the CLOCK_SIGNAL constraint to specify the clock signal(s) generated by combinatorial logic.
INFO:Xst:2169 - HDL ADVISOR - Some clock signals were not automatically buffered by XST with BUFG/BUFR resources. Please use the buffer_type constraint in order to insert these buffers to the clock signals to help prevent skew problems.

Asynchronous Control Signals Information:
----------------------------------------
No asynchronous control signals found in this design

Timing Summary:
---------------
Speed Grade: -3

   Minimum period: 2.584ns (Maximum Frequency: 386.937MHz)
   Minimum input arrival time before clock: No path found
   Maximum output required time after clock: 9.887ns
   Maximum combinational path delay: 17.833ns

Timing Details:
---------------
All values displayed in nanoseconds (ns)

=========================================================================
Timing constraint: Default period analysis for Clock 'BTN1'
  Clock period: 2.291ns (frequency: 436.500MHz)
  Total number of paths / destination ports: 3 / 2
-------------------------------------------------------------------------
Delay:               2.291ns (Levels of Logic = 1)
  Source:            XLXI_2/XLXI_1/Q0 (FF)
  Destination:       XLXI_2/XLXI_1/Q0 (FF)
  Source Clock:      BTN1 rising
  Destination Clock: BTN1 rising

  Data Path: XLXI_2/XLXI_1/Q0 to XLXI_2/XLXI_1/Q0
                                Gate     Net
    Cell:in->out      fanout   Delay   Delay  Logical Name (Net Name)
    ----------------------------------------  ------------
     FDCE:C->Q            14   0.447   0.957  Q0 (Q0)
     INV:I->O              1   0.206   0.579  Madd_Q1_GND_29_o_add_0_OUT_xor<0>11_INV_0 (Q1_GND_29_o_add_0_OUT<0>)
     FDCE:D                    0.102          Q0
    ----------------------------------------
    Total                      2.291ns (0.755ns logic, 1.536ns route)
                                       (33.0% logic, 67.0% route)

=========================================================================
Timing constraint: Default period analysis for Clock 'XLXI_3/XLXN_154'
  Clock period: 2.312ns (frequency: 432.507MHz)
  Total number of paths / destination ports: 1 / 1
-------------------------------------------------------------------------
Delay:               2.312ns (Levels of Logic = 1)
  Source:            XLXI_3/XLXI_50 (FF)
  Destination:       XLXI_3/XLXI_50 (FF)
  Source Clock:      XLXI_3/XLXN_154 falling
  Destination Clock: XLXI_3/XLXN_154 falling

  Data Path: XLXI_3/XLXI_50 to XLXI_3/XLXI_50
                                Gate     Net
    Cell:in->out      fanout   Delay   Delay  Logical Name (Net Name)
    ----------------------------------------  ------------
     FD_1:C->Q             2   0.447   0.616  XLXI_3/XLXI_50 (XLXN_3)
     INV:I->O              1   0.568   0.579  XLXI_3/XLXI_51 (XLXI_3/XLXN_156)
     FD_1:D                    0.102          XLXI_3/XLXI_50
    ----------------------------------------
    Total                      2.312ns (1.117ns logic, 1.195ns route)
                                       (48.3% logic, 51.7% route)

=========================================================================
Timing constraint: Default period analysis for Clock 'XLXI_3/XLXN_140'
  Clock period: 2.584ns (frequency: 386.937MHz)
  Total number of paths / destination ports: 11 / 5
-------------------------------------------------------------------------
Delay:               2.584ns (Levels of Logic = 3)
  Source:            XLXI_3/XLXI_40/Q (FF)
  Destination:       XLXI_3/XLXI_42/Q (FF)
  Source Clock:      XLXI_3/XLXN_140 rising
  Destination Clock: XLXI_3/XLXN_140 rising

  Data Path: XLXI_3/XLXI_40/Q to XLXI_3/XLXI_42/Q
                                Gate     Net
    Cell:in->out      fanout   Delay   Delay  Logical Name (Net Name)
    ----------------------------------------  ------------
     FDC:C->Q              4   0.447   0.683  Q (Q)
     end scope: 'XLXI_3/XLXI_40:Q'
     INV:I->O              1   0.568   0.580  XLXI_3/XLXI_45 (XLXI_3/XLXN_147)
     begin scope: 'XLXI_3/XLXI_42:J'
     LUT2:I1->O            1   0.205   0.000  Mmux_Q_Q_MUX_7_o11 (Q_Q_MUX_7_o)
     FDC:D                     0.102          Q
    ----------------------------------------
    Total                      2.584ns (1.322ns logic, 1.262ns route)
                                       (51.2% logic, 48.8% route)

=========================================================================
Timing constraint: Default period analysis for Clock 'XLXI_3/XLXN_137'
  Clock period: 2.410ns (frequency: 414.964MHz)
  Total number of paths / destination ports: 1 / 1
-------------------------------------------------------------------------
Delay:               2.410ns (Levels of Logic = 1)
  Source:            XLXI_3/XLXI_38 (FF)
  Destination:       XLXI_3/XLXI_38 (FF)
  Source Clock:      XLXI_3/XLXN_137 falling
  Destination Clock: XLXI_3/XLXN_137 falling

  Data Path: XLXI_3/XLXI_38 to XLXI_3/XLXI_38
                                Gate     Net
    Cell:in->out      fanout   Delay   Delay  Logical Name (Net Name)
    ----------------------------------------  ------------
     FD_1:C->Q             5   0.447   0.714  XLXI_3/XLXI_38 (XLXI_3/XLXN_140)
     INV:I->O              1   0.568   0.579  XLXI_3/XLXI_39 (XLXI_3/XLXN_139)
     FD_1:D                    0.102          XLXI_3/XLXI_38
    ----------------------------------------
    Total                      2.410ns (1.117ns logic, 1.293ns route)
                                       (46.4% logic, 53.6% route)

=========================================================================
Timing constraint: Default period analysis for Clock 'XLXI_3/CLKOWO'
  Clock period: 2.584ns (frequency: 386.937MHz)
  Total number of paths / destination ports: 11 / 5
-------------------------------------------------------------------------
Delay:               2.584ns (Levels of Logic = 3)
  Source:            XLXI_3/XLXI_28/Q (FF)
  Destination:       XLXI_3/XLXI_30/Q (FF)
  Source Clock:      XLXI_3/CLKOWO rising
  Destination Clock: XLXI_3/CLKOWO rising

  Data Path: XLXI_3/XLXI_28/Q to XLXI_3/XLXI_30/Q
                                Gate     Net
    Cell:in->out      fanout   Delay   Delay  Logical Name (Net Name)
    ----------------------------------------  ------------
     FDC:C->Q              4   0.447   0.683  Q (Q)
     end scope: 'XLXI_3/XLXI_28:Q'
     INV:I->O              1   0.568   0.580  XLXI_3/XLXI_33 (XLXI_3/XLXN_130)
     begin scope: 'XLXI_3/XLXI_30:J'
     LUT2:I1->O            1   0.205   0.000  Mmux_Q_Q_MUX_7_o11 (Q_Q_MUX_7_o)
     FDC:D                     0.102          Q
    ----------------------------------------
    Total                      2.584ns (1.322ns logic, 1.262ns route)
                                       (51.2% logic, 48.8% route)

=========================================================================
Timing constraint: Default period analysis for Clock 'XLXI_3/XLXN_123'
  Clock period: 2.410ns (frequency: 414.964MHz)
  Total number of paths / destination ports: 1 / 1
-------------------------------------------------------------------------
Delay:               2.410ns (Levels of Logic = 1)
  Source:            XLXI_3/XLXI_26 (FF)
  Destination:       XLXI_3/XLXI_26 (FF)
  Source Clock:      XLXI_3/XLXN_123 falling
  Destination Clock: XLXI_3/XLXN_123 falling

  Data Path: XLXI_3/XLXI_26 to XLXI_3/XLXI_26
                                Gate     Net
    Cell:in->out      fanout   Delay   Delay  Logical Name (Net Name)
    ----------------------------------------  ------------
     FD_1:C->Q             5   0.447   0.714  XLXI_3/XLXI_26 (XLXI_3/CLKOWO)
     INV:I->O              1   0.568   0.579  XLXI_3/XLXI_27 (XLXI_3/XLXN_39)
     FD_1:D                    0.102          XLXI_3/XLXI_26
    ----------------------------------------
    Total                      2.410ns (1.117ns logic, 1.293ns route)
                                       (46.4% logic, 53.6% route)

=========================================================================
Timing constraint: Default period analysis for Clock 'OSC'
  Clock period: 2.584ns (frequency: 386.937MHz)
  Total number of paths / destination ports: 11 / 5
-------------------------------------------------------------------------
Delay:               2.584ns (Levels of Logic = 3)
  Source:            XLXI_3/XLXI_1/Q (FF)
  Destination:       XLXI_3/XLXI_3/Q (FF)
  Source Clock:      OSC rising
  Destination Clock: OSC rising

  Data Path: XLXI_3/XLXI_1/Q to XLXI_3/XLXI_3/Q
                                Gate     Net
    Cell:in->out      fanout   Delay   Delay  Logical Name (Net Name)
    ----------------------------------------  ------------
     FDC:C->Q              4   0.447   0.683  Q (Q)
     end scope: 'XLXI_3/XLXI_1:Q'
     INV:I->O              1   0.568   0.580  XLXI_3/XLXI_21 (XLXI_3/XLXN_29)
     begin scope: 'XLXI_3/XLXI_3:J'
     LUT2:I1->O            1   0.205   0.000  Mmux_Q_Q_MUX_7_o11 (Q_Q_MUX_7_o)
     FDC:D                     0.102          Q
    ----------------------------------------
    Total                      2.584ns (1.322ns logic, 1.262ns route)
                                       (51.2% logic, 48.8% route)

=========================================================================
Timing constraint: Default period analysis for Clock 'XLXN_3'
  Clock period: 2.106ns (frequency: 474.721MHz)
  Total number of paths / destination ports: 1 / 1
-------------------------------------------------------------------------
Delay:               2.106ns (Levels of Logic = 1)
  Source:            XLXI_1/XLXI_4/Q (FF)
  Destination:       XLXI_1/XLXI_4/Q (FF)
  Source Clock:      XLXN_3 rising
  Destination Clock: XLXN_3 rising

  Data Path: XLXI_1/XLXI_4/Q to XLXI_1/XLXI_4/Q
                                Gate     Net
    Cell:in->out      fanout   Delay   Delay  Logical Name (Net Name)
    ----------------------------------------  ------------
     FDC:C->Q              7   0.447   0.773  Q (Q)
     INV:I->O              1   0.206   0.579  Mmux_Q_Q_MUX_7_o11_INV_0 (Q_Q_MUX_7_o)
     FDC:D                     0.102          Q
    ----------------------------------------
    Total                      2.106ns (0.755ns logic, 1.352ns route)
                                       (35.8% logic, 64.2% route)

=========================================================================
Timing constraint: Default OFFSET OUT AFTER for Clock 'BTN1'
  Total number of paths / destination ports: 332 / 11
-------------------------------------------------------------------------
Offset:              9.887ns (Levels of Logic = 9)
  Source:            XLXI_2/XLXI_1/Q0 (FF)
  Destination:       SSD_SEG<0> (PAD)
  Source Clock:      BTN1 rising

  Data Path: XLXI_2/XLXI_1/Q0 to SSD_SEG<0>
                                Gate     Net
    Cell:in->out      fanout   Delay   Delay  Logical Name (Net Name)
    ----------------------------------------  ------------
     FDCE:C->Q            14   0.447   1.322  Q0 (Q0)
     end scope: 'XLXI_2/XLXI_1:Q0'
     begin scope: 'XLXI_2/XLXI_9/XLXI_16:S0'
     LUT6:I0->O            1   0.203   0.684  Mmux_O11 (O)
     end scope: 'XLXI_2/XLXI_9/XLXI_16:O'
     begin scope: 'XLXI_1/XLXI_2/XLXI_16:D0'
     LUT3:I1->O           22   0.203   1.133  Mmux_O11 (O)
     end scope: 'XLXI_1/XLXI_2/XLXI_16:O'
     INV:I->O              1   0.568   0.944  XLXI_1/XLXI_1/XLXI_15/XLXI_9 (XLXI_1/XLXI_1/XLXI_15/XLXN_45)
     AND3:I0->O            1   0.203   0.827  XLXI_1/XLXI_1/XLXI_15/XLXI_7 (XLXI_1/XLXI_1/XLXI_15/XLXN_44)
     OR5:I2->O             1   0.203   0.579  XLXI_1/XLXI_1/XLXI_15/XLXI_8 (SSD_SEG_0_OBUF)
     OBUF:I->O                 2.571          SSD_SEG_0_OBUF (SSD_SEG<0>)
    ----------------------------------------
    Total                      9.887ns (4.398ns logic, 5.489ns route)
                                       (44.5% logic, 55.5% route)

=========================================================================
Timing constraint: Default OFFSET OUT AFTER for Clock 'XLXN_3'
  Total number of paths / destination ports: 83 / 9
-------------------------------------------------------------------------
Offset:              8.681ns (Levels of Logic = 7)
  Source:            XLXI_1/XLXI_4/Q (FF)
  Destination:       SSD_SEG<0> (PAD)
  Source Clock:      XLXN_3 rising

  Data Path: XLXI_1/XLXI_4/Q to SSD_SEG<0>
                                Gate     Net
    Cell:in->out      fanout   Delay   Delay  Logical Name (Net Name)
    ----------------------------------------  ------------
     FDC:C->Q              7   0.447   1.002  Q (Q)
     end scope: 'XLXI_1/XLXI_4:Q'
     begin scope: 'XLXI_1/XLXI_2/XLXI_16:S0'
     LUT3:I0->O           22   0.205   1.133  Mmux_O11 (O)
     end scope: 'XLXI_1/XLXI_2/XLXI_16:O'
     INV:I->O              1   0.568   0.944  XLXI_1/XLXI_1/XLXI_15/XLXI_9 (XLXI_1/XLXI_1/XLXI_15/XLXN_45)
     AND3:I0->O            1   0.203   0.827  XLXI_1/XLXI_1/XLXI_15/XLXI_7 (XLXI_1/XLXI_1/XLXI_15/XLXN_44)
     OR5:I2->O             1   0.203   0.579  XLXI_1/XLXI_1/XLXI_15/XLXI_8 (SSD_SEG_0_OBUF)
     OBUF:I->O                 2.571          SSD_SEG_0_OBUF (SSD_SEG<0>)
    ----------------------------------------
    Total                      8.681ns (4.197ns logic, 4.484ns route)
                                       (48.3% logic, 51.7% route)

=========================================================================
Timing constraint: Default path analysis
  Total number of paths / destination ports: 50035 / 7
-------------------------------------------------------------------------
Delay:               17.833ns (Levels of Logic = 27)
  Source:            SW<0> (PAD)
  Destination:       SSD_SEG<0> (PAD)

  Data Path: SW<0> to SSD_SEG<0>
                                Gate     Net
    Cell:in->out      fanout   Delay   Delay  Logical Name (Net Name)
    ----------------------------------------  ------------
     IBUF:I->O             4   1.222   0.683  SW_0_IBUF (SW_0_IBUF)
     BUF:I->O              1   0.568   0.579  XLXI_2/XLXI_26/XLXI_34/XLXI_1 (XLXI_2/XLXI_26/XLXN_84)
     BUF:I->O              1   0.568   0.579  XLXI_2/XLXI_26/XLXI_38/XLXI_1 (XLXI_2/XLXI_26/XLXN_134<0>)
     begin scope: 'XLXI_2/XLXI_26/XLXI_73:I<0>'
     INV:I->O              1   0.206   0.684  O<0>1_INV_0 (O<0>)
     end scope: 'XLXI_2/XLXI_26/XLXI_73:O<0>'
     begin scope: 'XLXI_2/XLXI_26/XLXI_58:A<0>'
     LUT2:I0->O            1   0.203   0.000  Madd_n0010_Madd_lut<0> (Madd_n0010_Madd_lut<0>)
     MUXCY:S->O            1   0.172   0.000  Madd_n0010_Madd_cy<0> (Madd_n0010_Madd_cy<0>)
     XORCY:CI->O           1   0.180   0.684  Madd_n0010_Madd_xor<1> (S<1>)
     end scope: 'XLXI_2/XLXI_26/XLXI_58:S<1>'
     begin scope: 'XLXI_2/XLXI_26/XLXI_1:A<1>'
     LUT2:I0->O            1   0.203   0.000  Madd_n0010_Madd_lut<1> (Madd_n0010_Madd_lut<1>)
     MUXCY:S->O            1   0.172   0.000  Madd_n0010_Madd_cy<1> (Madd_n0010_Madd_cy<1>)
     XORCY:CI->O           1   0.180   0.579  Madd_n0010_Madd_xor<2> (S<2>)
     end scope: 'XLXI_2/XLXI_26/XLXI_1:S<2>'
     begin scope: 'XLXI_2/XLXI_26/XLXI_22:I<2>'
     INV:I->O              1   0.206   0.684  O<2>1_INV_0 (O<2>)
     end scope: 'XLXI_2/XLXI_26/XLXI_22:O<2>'
     begin scope: 'XLXI_2/XLXI_26/XLXI_81:A<2>'
     LUT2:I0->O            1   0.203   0.000  Madd_n0010_Madd_lut<2> (Madd_n0010_Madd_lut<2>)
     MUXCY:S->O            1   0.172   0.000  Madd_n0010_Madd_cy<2> (Madd_n0010_Madd_cy<2>)
     XORCY:CI->O           1   0.180   0.808  Madd_n0010_Madd_xor<3> (S<3>)
     end scope: 'XLXI_2/XLXI_26/XLXI_81:S<3>'
     begin scope: 'XLXI_2/XLXI_9/XLXI_16:D1'
     LUT6:I3->O            1   0.205   0.684  Mmux_O11 (O)
     end scope: 'XLXI_2/XLXI_9/XLXI_16:O'
     begin scope: 'XLXI_1/XLXI_2/XLXI_16:D0'
     LUT3:I1->O           22   0.203   1.133  Mmux_O11 (O)
     end scope: 'XLXI_1/XLXI_2/XLXI_16:O'
     INV:I->O              1   0.568   0.944  XLXI_1/XLXI_1/XLXI_15/XLXI_9 (XLXI_1/XLXI_1/XLXI_15/XLXN_45)
     AND3:I0->O            1   0.203   0.827  XLXI_1/XLXI_1/XLXI_15/XLXI_7 (XLXI_1/XLXI_1/XLXI_15/XLXN_44)
     OR5:I2->O             1   0.203   0.579  XLXI_1/XLXI_1/XLXI_15/XLXI_8 (SSD_SEG_0_OBUF)
     OBUF:I->O                 2.571          SSD_SEG_0_OBUF (SSD_SEG<0>)
    ----------------------------------------
    Total                     17.833ns (8.388ns logic, 9.445ns route)
                                       (47.0% logic, 53.0% route)

=========================================================================

Cross Clock Domains Report:
--------------------------

Clock to Setup on destination clock BTN1
---------------+---------+---------+---------+---------+
               | Src:Rise| Src:Fall| Src:Rise| Src:Fall|
Source Clock   |Dest:Rise|Dest:Rise|Dest:Fall|Dest:Fall|
---------------+---------+---------+---------+---------+
BTN1           |    2.291|         |         |         |
---------------+---------+---------+---------+---------+

Clock to Setup on destination clock OSC
---------------+---------+---------+---------+---------+
               | Src:Rise| Src:Fall| Src:Rise| Src:Fall|
Source Clock   |Dest:Rise|Dest:Rise|Dest:Fall|Dest:Fall|
---------------+---------+---------+---------+---------+
OSC            |    2.584|         |    1.232|         |
---------------+---------+---------+---------+---------+

Clock to Setup on destination clock XLXI_3/CLKOWO
---------------+---------+---------+---------+---------+
               | Src:Rise| Src:Fall| Src:Rise| Src:Fall|
Source Clock   |Dest:Rise|Dest:Rise|Dest:Fall|Dest:Fall|
---------------+---------+---------+---------+---------+
XLXI_3/CLKOWO  |    2.584|         |    1.232|         |
---------------+---------+---------+---------+---------+

Clock to Setup on destination clock XLXI_3/XLXN_123
---------------+---------+---------+---------+---------+
               | Src:Rise| Src:Fall| Src:Rise| Src:Fall|
Source Clock   |Dest:Rise|Dest:Rise|Dest:Fall|Dest:Fall|
---------------+---------+---------+---------+---------+
XLXI_3/XLXN_123|         |         |    2.410|         |
---------------+---------+---------+---------+---------+

Clock to Setup on destination clock XLXI_3/XLXN_137
---------------+---------+---------+---------+---------+
               | Src:Rise| Src:Fall| Src:Rise| Src:Fall|
Source Clock   |Dest:Rise|Dest:Rise|Dest:Fall|Dest:Fall|
---------------+---------+---------+---------+---------+
XLXI_3/XLXN_137|         |         |    2.410|         |
---------------+---------+---------+---------+---------+

Clock to Setup on destination clock XLXI_3/XLXN_140
---------------+---------+---------+---------+---------+
               | Src:Rise| Src:Fall| Src:Rise| Src:Fall|
Source Clock   |Dest:Rise|Dest:Rise|Dest:Fall|Dest:Fall|
---------------+---------+---------+---------+---------+
XLXI_3/XLXN_140|    2.584|         |    1.232|         |
---------------+---------+---------+---------+---------+

Clock to Setup on destination clock XLXI_3/XLXN_154
---------------+---------+---------+---------+---------+
               | Src:Rise| Src:Fall| Src:Rise| Src:Fall|
Source Clock   |Dest:Rise|Dest:Rise|Dest:Fall|Dest:Fall|
---------------+---------+---------+---------+---------+
XLXI_3/XLXN_154|         |         |    2.312|         |
---------------+---------+---------+---------+---------+

Clock to Setup on destination clock XLXN_3
---------------+---------+---------+---------+---------+
               | Src:Rise| Src:Fall| Src:Rise| Src:Fall|
Source Clock   |Dest:Rise|Dest:Rise|Dest:Fall|Dest:Fall|
---------------+---------+---------+---------+---------+
XLXN_3         |    2.106|         |         |         |
---------------+---------+---------+---------+---------+

=========================================================================


Total REAL time to Xst completion: 2.00 secs
Total CPU time to Xst completion: 1.91 secs
 
--> 


Total memory usage is 371992 kilobytes

Number of errors   :    0 (   0 filtered)
Number of warnings :    5 (   0 filtered)
Number of infos    :   14 (   0 filtered)

