--------------------------------------------------------------------------------
Release 14.7 Trace  (lin64)
Copyright (c) 1995-2013 Xilinx, Inc.  All rights reserved.

/opt/Xilinx/14.7/ISE_DS/ISE/bin/lin64/unwrapped/trce -intstyle ise -v 3 -s 3 -n
3 -fastpaths -xml main.twx main.ncd -o main.twr main.pcf -ucf main.ucf

Design file:              main.ncd
Physical constraint file: main.pcf
Device,package,speed:     xc6slx9,tqg144,C,-3 (PRODUCTION 1.23 2013-10-13)
Report level:             verbose report

Environment Variable      Effect 
--------------------      ------ 
NONE                      No environment variables were set
--------------------------------------------------------------------------------

INFO:Timing:2698 - No timing constraints found, doing default enumeration.
INFO:Timing:3412 - To improve timing, see the Timing Closure User Guide (UG612).
INFO:Timing:2752 - To get complete path coverage, use the unconstrained paths 
   option. All paths that are not constrained will be reported in the 
   unconstrained paths section(s) of the report.
INFO:Timing:3339 - The clock-to-out numbers in this timing report are based on 
   a 50 Ohm transmission line loading model.  For the details of this model, 
   and for more information on accounting for different loading conditions, 
   please see the device datasheet.



Data Sheet report:
-----------------
All values displayed in nanoseconds (ns)

Clock BTN1 to Pad
------------+-----------------+------------+-----------------+------------+------------------+--------+
            |Max (slowest) clk|  Process   |Min (fastest) clk|  Process   |                  | Clock  |
Destination |  (edge) to PAD  |   Corner   |  (edge) to PAD  |   Corner   |Internal Clock(s) | Phase  |
------------+-----------------+------------+-----------------+------------+------------------+--------+
LED<0>      |        10.358(R)|      SLOW  |         5.594(R)|      FAST  |BTN1_BUFGP        |   0.000|
LED<1>      |        10.450(R)|      SLOW  |         5.675(R)|      FAST  |BTN1_BUFGP        |   0.000|
LED<2>      |        10.758(R)|      SLOW  |         5.742(R)|      FAST  |BTN1_BUFGP        |   0.000|
LED<3>      |        10.802(R)|      SLOW  |         5.775(R)|      FAST  |BTN1_BUFGP        |   0.000|
SSD_SEG<0>  |        13.469(R)|      SLOW  |         6.651(R)|      FAST  |BTN1_BUFGP        |   0.000|
SSD_SEG<1>  |        13.628(R)|      SLOW  |         6.583(R)|      FAST  |BTN1_BUFGP        |   0.000|
SSD_SEG<2>  |        14.551(R)|      SLOW  |         7.139(R)|      FAST  |BTN1_BUFGP        |   0.000|
SSD_SEG<3>  |        14.774(R)|      SLOW  |         7.271(R)|      FAST  |BTN1_BUFGP        |   0.000|
SSD_SEG<4>  |        14.641(R)|      SLOW  |         7.185(R)|      FAST  |BTN1_BUFGP        |   0.000|
SSD_SEG<5>  |        14.347(R)|      SLOW  |         7.411(R)|      FAST  |BTN1_BUFGP        |   0.000|
SSD_SEG<6>  |        14.585(R)|      SLOW  |         7.249(R)|      FAST  |BTN1_BUFGP        |   0.000|
------------+-----------------+------------+-----------------+------------+------------------+--------+

Clock to Setup on destination clock BTN1
---------------+---------+---------+---------+---------+
               | Src:Rise| Src:Fall| Src:Rise| Src:Fall|
Source Clock   |Dest:Rise|Dest:Rise|Dest:Fall|Dest:Fall|
---------------+---------+---------+---------+---------+
BTN1           |    1.258|         |         |         |
---------------+---------+---------+---------+---------+

Clock to Setup on destination clock OSC
---------------+---------+---------+---------+---------+
               | Src:Rise| Src:Fall| Src:Rise| Src:Fall|
Source Clock   |Dest:Rise|Dest:Rise|Dest:Fall|Dest:Fall|
---------------+---------+---------+---------+---------+
OSC            |    2.131|         |    1.107|         |
---------------+---------+---------+---------+---------+

Pad to Pad
---------------+---------------+---------+
Source Pad     |Destination Pad|  Delay  |
---------------+---------------+---------+
DIP<0>         |SSD_SEG<0>     |   16.115|
DIP<0>         |SSD_SEG<1>     |   16.274|
DIP<0>         |SSD_SEG<2>     |   17.197|
DIP<0>         |SSD_SEG<3>     |   17.420|
DIP<0>         |SSD_SEG<4>     |   17.287|
DIP<0>         |SSD_SEG<5>     |   16.993|
DIP<0>         |SSD_SEG<6>     |   17.231|
DIP<1>         |SSD_SEG<0>     |   15.746|
DIP<1>         |SSD_SEG<1>     |   15.905|
DIP<1>         |SSD_SEG<2>     |   16.828|
DIP<1>         |SSD_SEG<3>     |   17.051|
DIP<1>         |SSD_SEG<4>     |   16.918|
DIP<1>         |SSD_SEG<5>     |   16.624|
DIP<1>         |SSD_SEG<6>     |   16.862|
DIP<2>         |SSD_SEG<0>     |   15.718|
DIP<2>         |SSD_SEG<1>     |   15.877|
DIP<2>         |SSD_SEG<2>     |   16.800|
DIP<2>         |SSD_SEG<3>     |   17.023|
DIP<2>         |SSD_SEG<4>     |   16.890|
DIP<2>         |SSD_SEG<5>     |   16.596|
DIP<2>         |SSD_SEG<6>     |   16.834|
DIP<3>         |SSD_SEG<0>     |   15.896|
DIP<3>         |SSD_SEG<1>     |   16.055|
DIP<3>         |SSD_SEG<2>     |   16.978|
DIP<3>         |SSD_SEG<3>     |   17.201|
DIP<3>         |SSD_SEG<4>     |   17.068|
DIP<3>         |SSD_SEG<5>     |   16.774|
DIP<3>         |SSD_SEG<6>     |   17.012|
DIP<4>         |SSD_SEG<0>     |   15.206|
DIP<4>         |SSD_SEG<1>     |   15.365|
DIP<4>         |SSD_SEG<2>     |   16.288|
DIP<4>         |SSD_SEG<3>     |   16.511|
DIP<4>         |SSD_SEG<4>     |   16.378|
DIP<4>         |SSD_SEG<5>     |   16.084|
DIP<4>         |SSD_SEG<6>     |   16.322|
DIP<5>         |SSD_SEG<0>     |   14.822|
DIP<5>         |SSD_SEG<1>     |   14.981|
DIP<5>         |SSD_SEG<2>     |   15.904|
DIP<5>         |SSD_SEG<3>     |   16.127|
DIP<5>         |SSD_SEG<4>     |   15.994|
DIP<5>         |SSD_SEG<5>     |   15.700|
DIP<5>         |SSD_SEG<6>     |   15.938|
DIP<6>         |SSD_SEG<0>     |   13.928|
DIP<6>         |SSD_SEG<1>     |   13.954|
DIP<6>         |SSD_SEG<2>     |   14.877|
DIP<6>         |SSD_SEG<3>     |   15.100|
DIP<6>         |SSD_SEG<4>     |   14.967|
DIP<6>         |SSD_SEG<5>     |   15.111|
DIP<6>         |SSD_SEG<6>     |   14.973|
DIP<7>         |SSD_SEG<0>     |   12.815|
DIP<7>         |SSD_SEG<1>     |   12.765|
DIP<7>         |SSD_SEG<2>     |   13.637|
DIP<7>         |SSD_SEG<3>     |   13.960|
DIP<7>         |SSD_SEG<4>     |   13.775|
DIP<7>         |SSD_SEG<5>     |   13.998|
DIP<7>         |SSD_SEG<6>     |   13.860|
SW<0>          |SSD_SEG<0>     |   15.549|
SW<0>          |SSD_SEG<1>     |   15.708|
SW<0>          |SSD_SEG<2>     |   16.631|
SW<0>          |SSD_SEG<3>     |   16.854|
SW<0>          |SSD_SEG<4>     |   16.721|
SW<0>          |SSD_SEG<5>     |   16.427|
SW<0>          |SSD_SEG<6>     |   16.665|
SW<1>          |SSD_SEG<0>     |   15.328|
SW<1>          |SSD_SEG<1>     |   15.487|
SW<1>          |SSD_SEG<2>     |   16.410|
SW<1>          |SSD_SEG<3>     |   16.633|
SW<1>          |SSD_SEG<4>     |   16.500|
SW<1>          |SSD_SEG<5>     |   16.206|
SW<1>          |SSD_SEG<6>     |   16.444|
SW<2>          |SSD_SEG<0>     |   15.397|
SW<2>          |SSD_SEG<1>     |   15.556|
SW<2>          |SSD_SEG<2>     |   16.479|
SW<2>          |SSD_SEG<3>     |   16.702|
SW<2>          |SSD_SEG<4>     |   16.569|
SW<2>          |SSD_SEG<5>     |   16.275|
SW<2>          |SSD_SEG<6>     |   16.513|
SW<3>          |SSD_SEG<0>     |   15.469|
SW<3>          |SSD_SEG<1>     |   15.628|
SW<3>          |SSD_SEG<2>     |   16.551|
SW<3>          |SSD_SEG<3>     |   16.774|
SW<3>          |SSD_SEG<4>     |   16.641|
SW<3>          |SSD_SEG<5>     |   16.347|
SW<3>          |SSD_SEG<6>     |   16.585|
SW<4>          |SSD_SEG<0>     |   14.910|
SW<4>          |SSD_SEG<1>     |   15.069|
SW<4>          |SSD_SEG<2>     |   15.992|
SW<4>          |SSD_SEG<3>     |   16.215|
SW<4>          |SSD_SEG<4>     |   16.082|
SW<4>          |SSD_SEG<5>     |   15.788|
SW<4>          |SSD_SEG<6>     |   16.026|
SW<5>          |SSD_SEG<0>     |   14.004|
SW<5>          |SSD_SEG<1>     |   14.163|
SW<5>          |SSD_SEG<2>     |   15.086|
SW<5>          |SSD_SEG<3>     |   15.309|
SW<5>          |SSD_SEG<4>     |   15.176|
SW<5>          |SSD_SEG<5>     |   15.041|
SW<5>          |SSD_SEG<6>     |   15.120|
SW<6>          |SSD_SEG<0>     |   13.305|
SW<6>          |SSD_SEG<1>     |   13.331|
SW<6>          |SSD_SEG<2>     |   14.254|
SW<6>          |SSD_SEG<3>     |   14.477|
SW<6>          |SSD_SEG<4>     |   14.344|
SW<6>          |SSD_SEG<5>     |   14.488|
SW<6>          |SSD_SEG<6>     |   14.350|
SW<7>          |SSD_SEG<0>     |   12.505|
SW<7>          |SSD_SEG<1>     |   12.455|
SW<7>          |SSD_SEG<2>     |   13.327|
SW<7>          |SSD_SEG<3>     |   13.650|
SW<7>          |SSD_SEG<4>     |   13.465|
SW<7>          |SSD_SEG<5>     |   13.688|
SW<7>          |SSD_SEG<6>     |   13.550|
---------------+---------------+---------+


Analysis completed Tue Sep 17 15:26:04 2024 
--------------------------------------------------------------------------------

Trace Settings:
-------------------------
Trace Settings 

Peak Memory Usage: 372 MB



