--------------------------------------------------------------------------------
Release 14.7 Trace  (lin64)
Copyright (c) 1995-2013 Xilinx, Inc.  All rights reserved.

/opt/Xilinx/14.7/ISE_DS/ISE/bin/lin64/unwrapped/trce -intstyle ise -v 3 -s 3 -n
3 -fastpaths -xml Lab4.twx Lab4.ncd -o Lab4.twr Lab4.pcf -ucf Lab4.ucf

Design file:              Lab4.ncd
Physical constraint file: Lab4.pcf
Device,package,speed:     xc6slx9,tqg144,C,-3 (PRODUCTION 1.23 2013-10-13)
Report level:             verbose report

Environment Variable      Effect 
--------------------      ------ 
NONE                      No environment variables were set
--------------------------------------------------------------------------------

INFO:Timing:2698 - No timing constraints found, doing default enumeration.
INFO:Timing:3412 - To improve timing, see the Timing Closure User Guide (UG612).
INFO:Timing:2752 - To get complete path coverage, use the unconstrained paths 
   option. All paths that are not constrained will be reported in the 
   unconstrained paths section(s) of the report.
INFO:Timing:3339 - The clock-to-out numbers in this timing report are based on 
   a 50 Ohm transmission line loading model.  For the details of this model, 
   and for more information on accounting for different loading conditions, 
   please see the device datasheet.



Data Sheet report:
-----------------
All values displayed in nanoseconds (ns)

Pad to Pad
---------------+---------------+---------+
Source Pad     |Destination Pad|  Delay  |
---------------+---------------+---------+
SW0_P66        |L0_P82         |    8.274|
SW0_P66        |L1_P81         |    7.971|
SW0_P66        |L2_P80         |    7.124|
SW1_P62        |L0_P82         |    8.383|
SW1_P62        |L1_P81         |    8.080|
SW1_P62        |L2_P80         |    7.365|
SW2_P61        |L0_P82         |    7.861|
SW2_P61        |L1_P81         |    7.726|
SW3_P59        |L0_P82         |    8.438|
SW3_P59        |L1_P81         |    8.303|
---------------+---------------+---------+


Analysis completed Tue Jul 23 14:04:34 2024 
--------------------------------------------------------------------------------

Trace Settings:
-------------------------
Trace Settings 

Peak Memory Usage: 369 MB



