Release 14.7 - xst P.20131013 (lin64)
Copyright (c) 1995-2013 Xilinx, Inc.  All rights reserved.
--> 
Parameter TMPDIR set to xst/projnav.tmp


Total REAL time to Xst completion: 0.00 secs
Total CPU time to Xst completion: 0.02 secs
 
--> 
Parameter xsthdpdir set to xst


Total REAL time to Xst completion: 0.00 secs
Total CPU time to Xst completion: 0.02 secs
 
--> 
Reading design: LEDsDriver.prj

TABLE OF CONTENTS
  1) Synthesis Options Summary
  2) HDL Parsing
  3) HDL Elaboration
  4) HDL Synthesis
       4.1) HDL Synthesis Report
  5) Advanced HDL Synthesis
       5.1) Advanced HDL Synthesis Report
  6) Low Level Synthesis
  7) Partition Report
  8) Design Summary
       8.1) Primitive and Black Box Usage
       8.2) Device utilization summary
       8.3) Partition Resource Summary
       8.4) Timing Report
            8.4.1) Clock Information
            8.4.2) Asynchronous Control Signals Information
            8.4.3) Timing Summary
            8.4.4) Timing Details
            8.4.5) Cross Clock Domains Report


=========================================================================
*                      Synthesis Options Summary                        *
=========================================================================
---- Source Parameters
Input File Name                    : "LEDsDriver.prj"
Ignore Synthesis Constraint File   : NO

---- Target Parameters
Output File Name                   : "LEDsDriver"
Output Format                      : NGC
Target Device                      : xc6slx9-3-tqg144

---- Source Options
Top Module Name                    : LEDsDriver
Automatic FSM Extraction           : YES
FSM Encoding Algorithm             : Auto
Safe Implementation                : No
FSM Style                          : LUT
RAM Extraction                     : Yes
RAM Style                          : Auto
ROM Extraction                     : Yes
Shift Register Extraction          : YES
ROM Style                          : Auto
Resource Sharing                   : YES
Asynchronous To Synchronous        : NO
Shift Register Minimum Size        : 2
Use DSP Block                      : Auto
Automatic Register Balancing       : No

---- Target Options
LUT Combining                      : Auto
Reduce Control Sets                : Auto
Add IO Buffers                     : YES
Global Maximum Fanout              : 100000
Add Generic Clock Buffer(BUFG)     : 16
Register Duplication               : YES
Optimize Instantiated Primitives   : NO
Use Clock Enable                   : Auto
Use Synchronous Set                : Auto
Use Synchronous Reset              : Auto
Pack IO Registers into IOBs        : Auto
Equivalent register Removal        : YES

---- General Options
Optimization Goal                  : Speed
Optimization Effort                : 1
Power Reduction                    : NO
Keep Hierarchy                     : No
Netlist Hierarchy                  : As_Optimized
RTL Output                         : Yes
Global Optimization                : AllClockNets
Read Cores                         : YES
Write Timing Constraints           : NO
Cross Clock Analysis               : NO
Hierarchy Separator                : /
Bus Delimiter                      : <>
Case Specifier                     : Maintain
Slice Utilization Ratio            : 100
BRAM Utilization Ratio             : 100
DSP48 Utilization Ratio            : 100
Auto BRAM Packing                  : NO
Slice Utilization Ratio Delta      : 5

=========================================================================


=========================================================================
*                          HDL Parsing                                  *
=========================================================================
Analyzing Verilog file "/home/phuwit/Programming/KMITL-DigitalSystemsFundamentals/Lab6/LEDsDriver.vf" into library work
Parsing module <COMP4_HXILINX_LEDsDriver>.
Parsing module <LEDsDriver>.

=========================================================================
*                            HDL Elaboration                            *
=========================================================================

Elaborating module <LEDsDriver>.

Elaborating module <COMP4_HXILINX_LEDsDriver>.
WARNING:HDLCompiler:1127 - "/home/phuwit/Programming/KMITL-DigitalSystemsFundamentals/Lab6/LEDsDriver.vf" Line 67: Assignment to XLXN_61 ignored, since the identifier is never used
WARNING:HDLCompiler:1127 - "/home/phuwit/Programming/KMITL-DigitalSystemsFundamentals/Lab6/LEDsDriver.vf" Line 77: Assignment to XLXN_58 ignored, since the identifier is never used

Elaborating module <GND>.
WARNING:HDLCompiler:1127 - "/home/phuwit/Programming/KMITL-DigitalSystemsFundamentals/Lab6/LEDsDriver.vf" Line 79: Assignment to ZEROS ignored, since the identifier is never used
WARNING:HDLCompiler:1127 - "/home/phuwit/Programming/KMITL-DigitalSystemsFundamentals/Lab6/LEDsDriver.vf" Line 80: Assignment to ZEROS ignored, since the identifier is never used
WARNING:HDLCompiler:1127 - "/home/phuwit/Programming/KMITL-DigitalSystemsFundamentals/Lab6/LEDsDriver.vf" Line 81: Assignment to ZEROS ignored, since the identifier is never used
WARNING:HDLCompiler:1127 - "/home/phuwit/Programming/KMITL-DigitalSystemsFundamentals/Lab6/LEDsDriver.vf" Line 82: Assignment to ZEROS ignored, since the identifier is never used

Elaborating module <VCC>.
WARNING:HDLCompiler:1127 - "/home/phuwit/Programming/KMITL-DigitalSystemsFundamentals/Lab6/LEDsDriver.vf" Line 83: Assignment to ONES ignored, since the identifier is never used
WARNING:HDLCompiler:1127 - "/home/phuwit/Programming/KMITL-DigitalSystemsFundamentals/Lab6/LEDsDriver.vf" Line 84: Assignment to ONES ignored, since the identifier is never used
WARNING:HDLCompiler:1127 - "/home/phuwit/Programming/KMITL-DigitalSystemsFundamentals/Lab6/LEDsDriver.vf" Line 85: Assignment to ONES ignored, since the identifier is never used
WARNING:HDLCompiler:1127 - "/home/phuwit/Programming/KMITL-DigitalSystemsFundamentals/Lab6/LEDsDriver.vf" Line 86: Assignment to ONES ignored, since the identifier is never used

Elaborating module <MUXF6>.
WARNING:Xst:2972 - "/home/phuwit/Programming/KMITL-DigitalSystemsFundamentals/Lab6/LEDsDriver.vf" line 59. All outputs of instance <XLXI_1> of block <COMP4_HXILINX_LEDsDriver> are unconnected in block <LEDsDriver>. Underlying logic will be removed.
WARNING:Xst:2972 - "/home/phuwit/Programming/KMITL-DigitalSystemsFundamentals/Lab6/LEDsDriver.vf" line 69. All outputs of instance <XLXI_2> of block <COMP4_HXILINX_LEDsDriver> are unconnected in block <LEDsDriver>. Underlying logic will be removed.

=========================================================================
*                           HDL Synthesis                               *
=========================================================================

Synthesizing Unit <LEDsDriver>.
    Related source file is "/home/phuwit/Programming/KMITL-DigitalSystemsFundamentals/Lab6/LEDsDriver.vf".
    Set property "HU_SET = XLXI_1_0" for instance <XLXI_1>.
    Set property "HU_SET = XLXI_2_1" for instance <XLXI_2>.
WARNING:Xst:647 - Input <ENABLE> is never used. This port will be preserved and left unconnected if it belongs to a top-level block or it belongs to a sub-block and the hierarchy of this sub-block is preserved.
INFO:Xst:3210 - "/home/phuwit/Programming/KMITL-DigitalSystemsFundamentals/Lab6/LEDsDriver.vf" line 59: Output port <EQ> of the instance <XLXI_1> is unconnected or connected to loadless signal.
INFO:Xst:3210 - "/home/phuwit/Programming/KMITL-DigitalSystemsFundamentals/Lab6/LEDsDriver.vf" line 69: Output port <EQ> of the instance <XLXI_2> is unconnected or connected to loadless signal.
    Summary:
	no macro.
Unit <LEDsDriver> synthesized.

=========================================================================
HDL Synthesis Report

Found no macro
=========================================================================

=========================================================================
*                       Advanced HDL Synthesis                          *
=========================================================================


=========================================================================
Advanced HDL Synthesis Report

Found no macro
=========================================================================

=========================================================================
*                         Low Level Synthesis                           *
=========================================================================

Optimizing unit <LEDsDriver> ...

Mapping all equations...
Building and optimizing final netlist ...
Found area constraint ratio of 100 (+ 5) on block LEDsDriver, actual ratio is 0.

Final Macro Processing ...

=========================================================================
Final Register Report

Found no macro
=========================================================================

=========================================================================
*                           Partition Report                            *
=========================================================================

Partition Implementation Status
-------------------------------

  No Partitions were found in this design.

-------------------------------

=========================================================================
*                            Design Summary                             *
=========================================================================

Top Level Output File Name         : LEDsDriver.ngc

Primitive and Black Box Usage:
------------------------------
# BELS                             : 1
#      MUXF6                       : 1

Device utilization summary:
---------------------------

Selected Device : 6slx9tqg144-3 


Slice Logic Utilization: 

Slice Logic Distribution: 
 Number of LUT Flip Flop pairs used:      0
   Number with an unused Flip Flop:       0  out of      0         
   Number with an unused LUT:             0  out of      0         
   Number of fully used LUT-FF pairs:     0  out of      0         
   Number of unique control sets:         0

IO Utilization: 
 Number of IOs:                          13
 Number of bonded IOBs:                   0  out of    102     0%  

Specific Feature Utilization:

---------------------------
Partition Resource Summary:
---------------------------

  No Partitions were found in this design.

---------------------------


=========================================================================
Timing Report

NOTE: THESE TIMING NUMBERS ARE ONLY A SYNTHESIS ESTIMATE.
      FOR ACCURATE TIMING INFORMATION PLEASE REFER TO THE TRACE REPORT
      GENERATED AFTER PLACE-and-ROUTE.

Clock Information:
------------------
No clock signals found in this design

Asynchronous Control Signals Information:
----------------------------------------
No asynchronous control signals found in this design

Timing Summary:
---------------
Speed Grade: -3

   Minimum period: No path found
   Minimum input arrival time before clock: No path found
   Maximum output required time after clock: No path found
   Maximum combinational path delay: No path found

Timing Details:
---------------
All values displayed in nanoseconds (ns)

=========================================================================

Cross Clock Domains Report:
--------------------------

=========================================================================


Total REAL time to Xst completion: 2.00 secs
Total CPU time to Xst completion: 1.71 secs
 
--> 


Total memory usage is 361736 kilobytes

Number of errors   :    0 (   0 filtered)
Number of warnings :   13 (   0 filtered)
Number of infos    :    2 (   0 filtered)

