Release 14.7 - xst P.20131013 (lin64)
Copyright (c) 1995-2013 Xilinx, Inc.  All rights reserved.
--> 
Parameter TMPDIR set to xst/projnav.tmp


Total REAL time to Xst completion: 0.00 secs
Total CPU time to Xst completion: 0.02 secs
 
--> 
Parameter xsthdpdir set to xst


Total REAL time to Xst completion: 0.00 secs
Total CPU time to Xst completion: 0.02 secs
 
--> 
Reading design: DecadeCounter.prj

TABLE OF CONTENTS
  1) Synthesis Options Summary
  2) HDL Parsing
  3) HDL Elaboration
  4) HDL Synthesis
       4.1) HDL Synthesis Report
  5) Advanced HDL Synthesis
       5.1) Advanced HDL Synthesis Report
  6) Low Level Synthesis
  7) Partition Report
  8) Design Summary
       8.1) Primitive and Black Box Usage
       8.2) Device utilization summary
       8.3) Partition Resource Summary
       8.4) Timing Report
            8.4.1) Clock Information
            8.4.2) Asynchronous Control Signals Information
            8.4.3) Timing Summary
            8.4.4) Timing Details
            8.4.5) Cross Clock Domains Report


=========================================================================
*                      Synthesis Options Summary                        *
=========================================================================
---- Source Parameters
Input File Name                    : "DecadeCounter.prj"
Ignore Synthesis Constraint File   : NO

---- Target Parameters
Output File Name                   : "DecadeCounter"
Output Format                      : NGC
Target Device                      : xc6slx9-3-tqg144

---- Source Options
Top Module Name                    : DecadeCounter
Automatic FSM Extraction           : YES
FSM Encoding Algorithm             : Auto
Safe Implementation                : No
FSM Style                          : LUT
RAM Extraction                     : Yes
RAM Style                          : Auto
ROM Extraction                     : Yes
Shift Register Extraction          : YES
ROM Style                          : Auto
Resource Sharing                   : YES
Asynchronous To Synchronous        : NO
Shift Register Minimum Size        : 2
Use DSP Block                      : Auto
Automatic Register Balancing       : No

---- Target Options
LUT Combining                      : Auto
Reduce Control Sets                : Auto
Add IO Buffers                     : YES
Global Maximum Fanout              : 100000
Add Generic Clock Buffer(BUFG)     : 16
Register Duplication               : YES
Optimize Instantiated Primitives   : NO
Use Clock Enable                   : Auto
Use Synchronous Set                : Auto
Use Synchronous Reset              : Auto
Pack IO Registers into IOBs        : Auto
Equivalent register Removal        : YES

---- General Options
Optimization Goal                  : Speed
Optimization Effort                : 1
Power Reduction                    : NO
Keep Hierarchy                     : No
Netlist Hierarchy                  : As_Optimized
RTL Output                         : Yes
Global Optimization                : AllClockNets
Read Cores                         : YES
Write Timing Constraints           : NO
Cross Clock Analysis               : NO
Hierarchy Separator                : /
Bus Delimiter                      : <>
Case Specifier                     : Maintain
Slice Utilization Ratio            : 100
BRAM Utilization Ratio             : 100
DSP48 Utilization Ratio            : 100
Auto BRAM Packing                  : NO
Slice Utilization Ratio Delta      : 5

=========================================================================


=========================================================================
*                          HDL Parsing                                  *
=========================================================================
Analyzing Verilog file "/home/phuwit/Programming/KMITL-DigitalSystemsFundamentals/ScratchPad/Counter0_9.vf" into library work
Parsing module <CB4RE_HXILINX_Counter0_9>.
Parsing module <Counter0_9>.
Analyzing Verilog file "/home/phuwit/Programming/KMITL-DigitalSystemsFundamentals/ScratchPad/DecadeCounter.vf" into library work
Parsing module <CB4RE_HXILINX_DecadeCounter>.
Parsing module <Counter0_9_MUSER_DecadeCounter>.
Parsing module <DecadeCounter>.

=========================================================================
*                            HDL Elaboration                            *
=========================================================================

Elaborating module <DecadeCounter>.

Elaborating module <Counter0_9_MUSER_DecadeCounter>.

Elaborating module <CB4RE_HXILINX_DecadeCounter>.
WARNING:HDLCompiler:413 - "/home/phuwit/Programming/KMITL-DigitalSystemsFundamentals/ScratchPad/DecadeCounter.vf" Line 48: Result of 5-bit expression is truncated to fit in 4-bit target.

Elaborating module <AND4B2>.

Elaborating module <BUF>.

Elaborating module <VCC>.

=========================================================================
*                           HDL Synthesis                               *
=========================================================================

Synthesizing Unit <DecadeCounter>.
    Related source file is "/home/phuwit/Programming/KMITL-DigitalSystemsFundamentals/ScratchPad/DecadeCounter.vf".
INFO:Xst:3210 - "/home/phuwit/Programming/KMITL-DigitalSystemsFundamentals/ScratchPad/DecadeCounter.vf" line 104: Output port <TC> of the instance <XLXI_1> is unconnected or connected to loadless signal.
INFO:Xst:3210 - "/home/phuwit/Programming/KMITL-DigitalSystemsFundamentals/ScratchPad/DecadeCounter.vf" line 110: Output port <CEO> of the instance <XLXI_3> is unconnected or connected to loadless signal.
INFO:Xst:3210 - "/home/phuwit/Programming/KMITL-DigitalSystemsFundamentals/ScratchPad/DecadeCounter.vf" line 110: Output port <TC> of the instance <XLXI_3> is unconnected or connected to loadless signal.
    Summary:
	no macro.
Unit <DecadeCounter> synthesized.

Synthesizing Unit <Counter0_9_MUSER_DecadeCounter>.
    Related source file is "/home/phuwit/Programming/KMITL-DigitalSystemsFundamentals/ScratchPad/DecadeCounter.vf".
    Set property "HU_SET = XLXI_27_2" for instance <XLXI_27>.
INFO:Xst:3210 - "/home/phuwit/Programming/KMITL-DigitalSystemsFundamentals/ScratchPad/DecadeCounter.vf" line 74: Output port <CEO> of the instance <XLXI_27> is unconnected or connected to loadless signal.
    Summary:
	no macro.
Unit <Counter0_9_MUSER_DecadeCounter> synthesized.

Synthesizing Unit <CB4RE_HXILINX_DecadeCounter>.
    Related source file is "/home/phuwit/Programming/KMITL-DigitalSystemsFundamentals/ScratchPad/DecadeCounter.vf".
    Found 1-bit register for signal <Q1>.
    Found 1-bit register for signal <Q2>.
    Found 1-bit register for signal <Q3>.
    Found 1-bit register for signal <Q0>.
    Found 4-bit adder for signal <Q3_GND_3_o_add_1_OUT> created at line 48.
    Summary:
	inferred   1 Adder/Subtractor(s).
	inferred   4 D-type flip-flop(s).
Unit <CB4RE_HXILINX_DecadeCounter> synthesized.

=========================================================================
HDL Synthesis Report

Macro Statistics
# Adders/Subtractors                                   : 2
 4-bit adder                                           : 2
# Registers                                            : 2
 4-bit register                                        : 2

=========================================================================

=========================================================================
*                       Advanced HDL Synthesis                          *
=========================================================================


Synthesizing (advanced) Unit <CB4RE_HXILINX_DecadeCounter>.
The following registers are absorbed into counter <Q0_Q1_Q2_Q3>: 1 register on signal <Q0_Q1_Q2_Q3>.
Unit <CB4RE_HXILINX_DecadeCounter> synthesized (advanced).

=========================================================================
Advanced HDL Synthesis Report

Macro Statistics
# Counters                                             : 2
 4-bit up counter                                      : 2

=========================================================================

=========================================================================
*                         Low Level Synthesis                           *
=========================================================================

Optimizing unit <DecadeCounter> ...

Optimizing unit <CB4RE_HXILINX_DecadeCounter> ...

Mapping all equations...
Building and optimizing final netlist ...
Found area constraint ratio of 100 (+ 5) on block DecadeCounter, actual ratio is 0.

Final Macro Processing ...

=========================================================================
Final Register Report

Macro Statistics
# Registers                                            : 8
 Flip-Flops                                            : 8

=========================================================================

=========================================================================
*                           Partition Report                            *
=========================================================================

Partition Implementation Status
-------------------------------

  No Partitions were found in this design.

-------------------------------

=========================================================================
*                            Design Summary                             *
=========================================================================

Top Level Output File Name         : DecadeCounter.ngc

Primitive and Black Box Usage:
------------------------------
# BELS                             : 13
#      AND4B2                      : 2
#      BUF                         : 2
#      INV                         : 2
#      LUT2                        : 2
#      LUT3                        : 2
#      LUT4                        : 2
#      VCC                         : 1
# FlipFlops/Latches                : 8
#      FDRE                        : 8
# Clock Buffers                    : 1
#      BUFGP                       : 1
# IO Buffers                       : 8
#      OBUF                        : 8

Device utilization summary:
---------------------------

Selected Device : 6slx9tqg144-3 


Slice Logic Utilization: 
 Number of Slice Registers:               8  out of  11440     0%  
 Number of Slice LUTs:                    8  out of   5720     0%  
    Number used as Logic:                 8  out of   5720     0%  

Slice Logic Distribution: 
 Number of LUT Flip Flop pairs used:     16
   Number with an unused Flip Flop:       8  out of     16    50%  
   Number with an unused LUT:             8  out of     16    50%  
   Number of fully used LUT-FF pairs:     0  out of     16     0%  
   Number of unique control sets:         2

IO Utilization: 
 Number of IOs:                           9
 Number of bonded IOBs:                   9  out of    102     8%  

Specific Feature Utilization:
 Number of BUFG/BUFGCTRLs:                1  out of     16     6%  

---------------------------
Partition Resource Summary:
---------------------------

  No Partitions were found in this design.

---------------------------


=========================================================================
Timing Report

NOTE: THESE TIMING NUMBERS ARE ONLY A SYNTHESIS ESTIMATE.
      FOR ACCURATE TIMING INFORMATION PLEASE REFER TO THE TRACE REPORT
      GENERATED AFTER PLACE-and-ROUTE.

Clock Information:
------------------
-----------------------------------+------------------------+-------+
Clock Signal                       | Clock buffer(FF name)  | Load  |
-----------------------------------+------------------------+-------+
BTN4                               | BUFGP                  | 8     |
-----------------------------------+------------------------+-------+

Asynchronous Control Signals Information:
----------------------------------------
No asynchronous control signals found in this design

Timing Summary:
---------------
Speed Grade: -3

   Minimum period: 4.045ns (Maximum Frequency: 247.200MHz)
   Minimum input arrival time before clock: No path found
   Maximum output required time after clock: 3.762ns
   Maximum combinational path delay: No path found

Timing Details:
---------------
All values displayed in nanoseconds (ns)

=========================================================================
Timing constraint: Default period analysis for Clock 'BTN4'
  Clock period: 4.045ns (frequency: 247.200MHz)
  Total number of paths / destination ports: 68 / 20
-------------------------------------------------------------------------
Delay:               4.045ns (Levels of Logic = 3)
  Source:            XLXI_1/XLXI_27/Q0_Q1_Q2_Q3_3 (FF)
  Destination:       XLXI_3/XLXI_27/Q0_Q1_Q2_Q3_3 (FF)
  Source Clock:      BTN4 rising
  Destination Clock: BTN4 rising

  Data Path: XLXI_1/XLXI_27/Q0_Q1_Q2_Q3_3 to XLXI_3/XLXI_27/Q0_Q1_Q2_Q3_3
                                Gate     Net
    Cell:in->out      fanout   Delay   Delay  Logical Name (Net Name)
    ----------------------------------------  ------------
     FDRE:C->Q             6   0.447   0.992  Q0_Q1_Q2_Q3_3 (Q0_Q1_Q2_Q3_3)
     end scope: 'XLXI_1/XLXI_27:Q0'
     AND4B2:I2->O          5   0.320   0.714  XLXI_1/XLXI_28 (XLXI_1/XLXN_26)
     BUF:I->O              4   0.568   0.683  XLXI_1/XLXI_29 (XLXN_3)
     begin scope: 'XLXI_3/XLXI_27:CE'
     FDRE:CE                   0.322          Q0_Q1_Q2_Q3_3
    ----------------------------------------
    Total                      4.045ns (1.657ns logic, 2.388ns route)
                                       (41.0% logic, 59.0% route)

=========================================================================
Timing constraint: Default OFFSET OUT AFTER for Clock 'BTN4'
  Total number of paths / destination ports: 8 / 8
-------------------------------------------------------------------------
Offset:              3.762ns (Levels of Logic = 2)
  Source:            XLXI_1/XLXI_27/Q0_Q1_Q2_Q3_3 (FF)
  Destination:       MN0<0> (PAD)
  Source Clock:      BTN4 rising

  Data Path: XLXI_1/XLXI_27/Q0_Q1_Q2_Q3_3 to MN0<0>
                                Gate     Net
    Cell:in->out      fanout   Delay   Delay  Logical Name (Net Name)
    ----------------------------------------  ------------
     FDRE:C->Q             6   0.447   0.744  Q0_Q1_Q2_Q3_3 (Q0_Q1_Q2_Q3_3)
     end scope: 'XLXI_1/XLXI_27:Q0'
     OBUF:I->O                 2.571          MN0_0_OBUF (MN0<0>)
    ----------------------------------------
    Total                      3.762ns (3.018ns logic, 0.744ns route)
                                       (80.2% logic, 19.8% route)

=========================================================================

Cross Clock Domains Report:
--------------------------

Clock to Setup on destination clock BTN4
---------------+---------+---------+---------+---------+
               | Src:Rise| Src:Fall| Src:Rise| Src:Fall|
Source Clock   |Dest:Rise|Dest:Rise|Dest:Fall|Dest:Fall|
---------------+---------+---------+---------+---------+
BTN4           |    4.045|         |         |         |
---------------+---------+---------+---------+---------+

=========================================================================


Total REAL time to Xst completion: 2.00 secs
Total CPU time to Xst completion: 1.74 secs
 
--> 


Total memory usage is 369912 kilobytes

Number of errors   :    0 (   0 filtered)
Number of warnings :    1 (   0 filtered)
Number of infos    :    4 (   0 filtered)

